#! /usr/bin/vvp
:ivl_version "10.3 (stable)";
:ivl_delay_selection "TYPICAL";
:vpi_time_precision + 0;
:vpi_module "system";
:vpi_module "vhdl_sys";
:vpi_module "v2005_math";
:vpi_module "va_math";
S_0x5570c1943070 .scope module, "fifo_cond" "fifo_cond" 2 3;
 .timescale 0 0;
    .port_info 0 /INPUT 1 "clk"
    .port_info 1 /INPUT 1 "reset_L"
    .port_info 2 /INPUT 1 "umbral_vacio"
    .port_info 3 /INPUT 1 "umbral_lleno"
    .port_info 4 /INPUT 1 "push"
    .port_info 5 /INPUT 1 "pop"
    .port_info 6 /INPUT 6 "data_in"
    .port_info 7 /OUTPUT 6 "data_out_c"
    .port_info 8 /OUTPUT 1 "error_c"
    .port_info 9 /OUTPUT 1 "almost_empty_c"
    .port_info 10 /OUTPUT 1 "almost_full_c"
    .port_info 11 /OUTPUT 1 "empty_c"
    .port_info 12 /OUTPUT 1 "full_out_c"
P_0x5570c19431f0 .param/l "ADDR_W" 0 2 3, +C4<00000000000000000000000000000010>;
P_0x5570c1943230 .param/l "DATA_W" 0 2 3, +C4<00000000000000000000000000000110>;
P_0x5570c1943270 .param/l "cantidad_entradas" 1 2 21, +C4<00000000000000000000000000000100>;
v0x5570c19ad350_0 .var "almost_empty_c", 0 0;
v0x5570c19ad430_0 .var "almost_empty_f", 0 0;
v0x5570c19ad4f0_0 .var "almost_full_c", 0 0;
v0x5570c19ad590_0 .var "almost_full_f", 0 0;
o0x7f3deb109078 .functor BUFZ 1, C4<z>; HiZ drive
v0x5570c19ad650_0 .net "clk", 0 0, o0x7f3deb109078;  0 drivers
o0x7f3deb1090a8 .functor BUFZ 6, C4<zzzzzz>; HiZ drive
v0x5570c19ad6f0_0 .net "data_in", 5 0, o0x7f3deb1090a8;  0 drivers
v0x5570c19ad7c0_0 .net "data_out_c", 5 0, v0x5570c19acd80_0;  1 drivers
v0x5570c19ad890_0 .var "empty_c", 0 0;
v0x5570c19ad930_0 .var "empty_f", 0 0;
v0x5570c19ad9f0_0 .var "enable", 0 0;
v0x5570c19adab0_0 .var "error", 0 0;
v0x5570c19adb70_0 .var "error_c", 0 0;
v0x5570c19adc30_0 .var "flop_rd", 1 0;
v0x5570c19add20_0 .var "flop_rnw", 1 0;
v0x5570c19adde0_0 .var "flop_wr", 1 0;
v0x5570c19aded0_0 .var "full_c", 0 0;
v0x5570c19adf70_0 .var "full_f", 0 0;
v0x5570c19ae140_0 .var "full_out_c", 0 0;
o0x7f3deb109618 .functor BUFZ 1, C4<z>; HiZ drive
v0x5570c19ae200_0 .net "pop", 0 0, o0x7f3deb109618;  0 drivers
o0x7f3deb109648 .functor BUFZ 1, C4<z>; HiZ drive
v0x5570c19ae2c0_0 .net "push", 0 0, o0x7f3deb109648;  0 drivers
v0x5570c19ae380_0 .var "rd_ptr", 1 0;
o0x7f3deb1091f8 .functor BUFZ 1, C4<z>; HiZ drive
v0x5570c19ae460_0 .net "reset_L", 0 0, o0x7f3deb1091f8;  0 drivers
v0x5570c19ae530_0 .var "rnw", 1 0;
o0x7f3deb1096a8 .functor BUFZ 1, C4<z>; HiZ drive
v0x5570c19ae600_0 .net "umbral_lleno", 0 0, o0x7f3deb1096a8;  0 drivers
o0x7f3deb1096d8 .functor BUFZ 1, C4<z>; HiZ drive
v0x5570c19ae6a0_0 .net "umbral_vacio", 0 0, o0x7f3deb1096d8;  0 drivers
v0x5570c19ae760_0 .var "wr_ptr", 1 0;
E_0x5570c1979f50/0 .event edge, v0x5570c19ad0d0_0, v0x5570c19aded0_0, v0x5570c19ad590_0, v0x5570c19ad430_0;
E_0x5570c1979f50/1 .event edge, v0x5570c19ad930_0, v0x5570c19adf70_0, v0x5570c196c750_0, v0x5570c19acb20_0;
E_0x5570c1979f50/2 .event edge, v0x5570c19adb70_0, v0x5570c19add20_0, v0x5570c19ae380_0, v0x5570c19ae760_0;
E_0x5570c1979f50/3 .event edge, v0x5570c19ae600_0, v0x5570c19ae6a0_0, v0x5570c19ae2c0_0, v0x5570c19ae200_0;
E_0x5570c1979f50 .event/or E_0x5570c1979f50/0, E_0x5570c1979f50/1, E_0x5570c1979f50/2, E_0x5570c1979f50/3;
S_0x5570c1973010 .scope module, "ram_FIFO" "Ram" 2 45, 3 1 0, S_0x5570c1943070;
 .timescale 0 0;
    .port_info 0 /INPUT 1 "clk"
    .port_info 1 /INPUT 2 "rnw"
    .port_info 2 /INPUT 1 "reset_L"
    .port_info 3 /INPUT 2 "addr_out"
    .port_info 4 /INPUT 2 "addr_in"
    .port_info 5 /INPUT 6 "data_in"
    .port_info 6 /OUTPUT 6 "data_out_c"
P_0x5570c19433b0 .param/l "ADDR_SIZE" 0 3 1, +C4<00000000000000000000000000000010>;
P_0x5570c19433f0 .param/l "RAM_DEPTH" 1 3 16, +C4<00000000000000000000000000000100>;
P_0x5570c1943430 .param/l "RAM_WIDTH" 0 3 1, +C4<00000000000000000000000000000110>;
v0x5570c196c750_0 .net "addr_in", 1 0, v0x5570c19adde0_0;  1 drivers
v0x5570c19acb20_0 .net "addr_out", 1 0, v0x5570c19adc30_0;  1 drivers
v0x5570c19acc00_0 .net "clk", 0 0, o0x7f3deb109078;  alias, 0 drivers
v0x5570c19acca0_0 .net "data_in", 5 0, o0x7f3deb1090a8;  alias, 0 drivers
v0x5570c19acd80_0 .var "data_out_c", 5 0;
v0x5570c19aceb0_0 .var/i "i", 31 0;
v0x5570c19acf90 .array "mem", 0 3, 5 0;
v0x5570c19ad0d0_0 .net "reset_L", 0 0, o0x7f3deb1091f8;  alias, 0 drivers
v0x5570c19ad190_0 .net "rnw", 1 0, v0x5570c19ae530_0;  1 drivers
v0x5570c19acf90_0 .array/port v0x5570c19acf90, 0;
v0x5570c19acf90_1 .array/port v0x5570c19acf90, 1;
E_0x5570c19788d0/0 .event edge, v0x5570c19ad190_0, v0x5570c19acb20_0, v0x5570c19acf90_0, v0x5570c19acf90_1;
v0x5570c19acf90_2 .array/port v0x5570c19acf90, 2;
v0x5570c19acf90_3 .array/port v0x5570c19acf90, 3;
E_0x5570c19788d0/1 .event edge, v0x5570c19acf90_2, v0x5570c19acf90_3;
E_0x5570c19788d0 .event/or E_0x5570c19788d0/0, E_0x5570c19788d0/1;
E_0x5570c197e8d0 .event posedge, v0x5570c19acc00_0;
    .scope S_0x5570c1973010;
T_0 ;
    %wait E_0x5570c197e8d0;
    %load/vec4 v0x5570c19ad0d0_0;
    %inv;
    %flag_set/vec4 8;
    %jmp/0xz  T_0.0, 8;
    %pushi/vec4 0, 0, 32;
    %store/vec4 v0x5570c19aceb0_0, 0, 32;
T_0.2 ;
    %load/vec4 v0x5570c19aceb0_0;
    %cmpi/s 4, 0, 32;
    %jmp/0xz T_0.3, 5;
    %pushi/vec4 0, 0, 6;
    %ix/getv/s 3, v0x5570c19aceb0_0;
    %ix/load 4, 0, 0; Constant delay
    %assign/vec4/a/d v0x5570c19acf90, 0, 4;
    %load/vec4 v0x5570c19aceb0_0;
    %addi 1, 0, 32;
    %store/vec4 v0x5570c19aceb0_0, 0, 32;
    %jmp T_0.2;
T_0.3 ;
    %pushi/vec4 0, 0, 6;
    %assign/vec4 v0x5570c19acd80_0, 0;
    %jmp T_0.1;
T_0.0 ;
    %load/vec4 v0x5570c19ad190_0;
    %pad/u 32;
    %cmpi/e 2, 0, 32;
    %flag_mov 8, 4;
    %load/vec4 v0x5570c19ad190_0;
    %pad/u 32;
    %cmpi/e 3, 0, 32;
    %flag_or 4, 8;
    %jmp/0xz  T_0.4, 4;
    %load/vec4 v0x5570c19acca0_0;
    %load/vec4 v0x5570c196c750_0;
    %pad/u 4;
    %ix/vec4 3;
    %ix/load 4, 0, 0; Constant delay
    %assign/vec4/a/d v0x5570c19acf90, 0, 4;
T_0.4 ;
T_0.1 ;
    %jmp T_0;
    .thread T_0;
    .scope S_0x5570c1973010;
T_1 ;
    %wait E_0x5570c19788d0;
    %load/vec4 v0x5570c19ad190_0;
    %pad/u 32;
    %cmpi/e 1, 0, 32;
    %flag_mov 8, 4;
    %load/vec4 v0x5570c19ad190_0;
    %pad/u 32;
    %cmpi/e 3, 0, 32;
    %flag_or 4, 8;
    %jmp/0xz  T_1.0, 4;
    %load/vec4 v0x5570c19acb20_0;
    %pad/u 4;
    %ix/vec4 4;
    %load/vec4a v0x5570c19acf90, 4;
    %assign/vec4 v0x5570c19acd80_0, 0;
    %jmp T_1.1;
T_1.0 ;
    %pushi/vec4 0, 0, 6;
    %assign/vec4 v0x5570c19acd80_0, 0;
T_1.1 ;
    %jmp T_1;
    .thread T_1, $push;
    .scope S_0x5570c1943070;
T_2 ;
    %pushi/vec4 1, 0, 1;
    %store/vec4 v0x5570c19ad9f0_0, 0, 1;
    %end;
    .thread T_2;
    .scope S_0x5570c1943070;
T_3 ;
    %wait E_0x5570c197e8d0;
    %load/vec4 v0x5570c19ae460_0;
    %inv;
    %flag_set/vec4 8;
    %jmp/0xz  T_3.0, 8;
    %pushi/vec4 0, 0, 2;
    %assign/vec4 v0x5570c19adde0_0, 0;
    %pushi/vec4 0, 0, 2;
    %assign/vec4 v0x5570c19adc30_0, 0;
    %pushi/vec4 0, 0, 2;
    %assign/vec4 v0x5570c19add20_0, 0;
    %pushi/vec4 0, 0, 1;
    %assign/vec4 v0x5570c19ad590_0, 0;
    %pushi/vec4 0, 0, 1;
    %assign/vec4 v0x5570c19ad430_0, 0;
    %pushi/vec4 0, 0, 1;
    %assign/vec4 v0x5570c19adf70_0, 0;
    %pushi/vec4 0, 0, 1;
    %assign/vec4 v0x5570c19ad930_0, 0;
    %load/vec4 v0x5570c19adab0_0;
    %assign/vec4 v0x5570c19adb70_0, 0;
    %jmp T_3.1;
T_3.0 ;
    %load/vec4 v0x5570c19ae760_0;
    %assign/vec4 v0x5570c19adde0_0, 0;
    %load/vec4 v0x5570c19ae380_0;
    %assign/vec4 v0x5570c19adc30_0, 0;
    %load/vec4 v0x5570c19adab0_0;
    %assign/vec4 v0x5570c19adb70_0, 0;
    %load/vec4 v0x5570c19ae530_0;
    %assign/vec4 v0x5570c19add20_0, 0;
    %load/vec4 v0x5570c19ad4f0_0;
    %assign/vec4 v0x5570c19ad590_0, 0;
    %load/vec4 v0x5570c19ad350_0;
    %assign/vec4 v0x5570c19ad430_0, 0;
    %load/vec4 v0x5570c19ad890_0;
    %assign/vec4 v0x5570c19ad930_0, 0;
    %load/vec4 v0x5570c19aded0_0;
    %assign/vec4 v0x5570c19adf70_0, 0;
T_3.1 ;
    %jmp T_3;
    .thread T_3;
    .scope S_0x5570c1943070;
T_4 ;
    %wait E_0x5570c1979f50;
    %load/vec4 v0x5570c19ae460_0;
    %flag_set/vec4 8;
    %jmp/0xz  T_4.0, 8;
    %load/vec4 v0x5570c19aded0_0;
    %store/vec4 v0x5570c19ae140_0, 0, 1;
    %load/vec4 v0x5570c19ad590_0;
    %store/vec4 v0x5570c19ad4f0_0, 0, 1;
    %load/vec4 v0x5570c19ad430_0;
    %store/vec4 v0x5570c19ad350_0, 0, 1;
    %load/vec4 v0x5570c19ad930_0;
    %store/vec4 v0x5570c19ad890_0, 0, 1;
    %load/vec4 v0x5570c19adf70_0;
    %store/vec4 v0x5570c19aded0_0, 0, 1;
    %load/vec4 v0x5570c19adde0_0;
    %store/vec4 v0x5570c19ae760_0, 0, 2;
    %load/vec4 v0x5570c19adc30_0;
    %store/vec4 v0x5570c19ae380_0, 0, 2;
    %load/vec4 v0x5570c19adb70_0;
    %store/vec4 v0x5570c19adab0_0, 0, 1;
    %load/vec4 v0x5570c19add20_0;
    %store/vec4 v0x5570c19ae530_0, 0, 2;
    %pushi/vec4 0, 0, 1;
    %store/vec4 v0x5570c19aded0_0, 0, 1;
    %pushi/vec4 0, 0, 1;
    %store/vec4 v0x5570c19ad890_0, 0, 1;
    %load/vec4 v0x5570c19ae760_0;
    %load/vec4 v0x5570c19ae380_0;
    %cmp/u;
    %jmp/0xz  T_4.2, 5;
    %pushi/vec4 0, 0, 1;
    %store/vec4 v0x5570c19aded0_0, 0, 1;
    %pushi/vec4 0, 0, 1;
    %store/vec4 v0x5570c19ad890_0, 0, 1;
    %load/vec4 v0x5570c19ae380_0;
    %pad/u 32;
    %load/vec4 v0x5570c19ae760_0;
    %pad/u 32;
    %sub;
    %pushi/vec4 4, 0, 32;
    %load/vec4 v0x5570c19ae600_0;
    %pad/u 32;
    %sub;
    %cmp/u;
    %flag_or 5, 4;
    %jmp/0xz  T_4.4, 5;
    %pushi/vec4 1, 0, 1;
    %store/vec4 v0x5570c19ad4f0_0, 0, 1;
    %jmp T_4.5;
T_4.4 ;
    %pushi/vec4 0, 0, 1;
    %store/vec4 v0x5570c19ad4f0_0, 0, 1;
T_4.5 ;
    %pushi/vec4 4, 0, 32;
    %load/vec4 v0x5570c19ae6a0_0;
    %pad/u 32;
    %sub;
    %load/vec4 v0x5570c19ae380_0;
    %pad/u 32;
    %load/vec4 v0x5570c19ae760_0;
    %pad/u 32;
    %sub;
    %cmp/u;
    %flag_or 5, 4;
    %jmp/0xz  T_4.6, 5;
    %pushi/vec4 1, 0, 1;
    %store/vec4 v0x5570c19ad350_0, 0, 1;
    %pushi/vec4 0, 0, 1;
    %store/vec4 v0x5570c19ad4f0_0, 0, 1;
    %jmp T_4.7;
T_4.6 ;
    %pushi/vec4 0, 0, 1;
    %store/vec4 v0x5570c19ad350_0, 0, 1;
T_4.7 ;
    %jmp T_4.3;
T_4.2 ;
    %load/vec4 v0x5570c19ae600_0;
    %pad/u 2;
    %load/vec4 v0x5570c19ae760_0;
    %load/vec4 v0x5570c19ae380_0;
    %sub;
    %cmp/u;
    %flag_or 5, 4;
    %jmp/0xz  T_4.8, 5;
    %pushi/vec4 1, 0, 1;
    %store/vec4 v0x5570c19ad4f0_0, 0, 1;
    %jmp T_4.9;
T_4.8 ;
    %pushi/vec4 0, 0, 1;
    %store/vec4 v0x5570c19ad4f0_0, 0, 1;
T_4.9 ;
    %load/vec4 v0x5570c19ae760_0;
    %load/vec4 v0x5570c19ae380_0;
    %sub;
    %load/vec4 v0x5570c19ae6a0_0;
    %pad/u 2;
    %cmp/u;
    %flag_or 5, 4;
    %jmp/0xz  T_4.10, 5;
    %pushi/vec4 1, 0, 1;
    %store/vec4 v0x5570c19ad350_0, 0, 1;
    %pushi/vec4 0, 0, 1;
    %store/vec4 v0x5570c19ad4f0_0, 0, 1;
    %jmp T_4.11;
T_4.10 ;
    %pushi/vec4 0, 0, 1;
    %store/vec4 v0x5570c19ad350_0, 0, 1;
T_4.11 ;
T_4.3 ;
    %load/vec4 v0x5570c19ae760_0;
    %load/vec4 v0x5570c19ae380_0;
    %cmp/e;
    %flag_get/vec4 4;
    %load/vec4 v0x5570c19ad590_0;
    %nor/r;
    %and;
    %flag_set/vec4 8;
    %jmp/0xz  T_4.12, 8;
    %pushi/vec4 1, 0, 1;
    %store/vec4 v0x5570c19ad890_0, 0, 1;
    %pushi/vec4 1, 0, 1;
    %store/vec4 v0x5570c19ad350_0, 0, 1;
    %pushi/vec4 0, 0, 1;
    %store/vec4 v0x5570c19aded0_0, 0, 1;
    %pushi/vec4 0, 0, 1;
    %store/vec4 v0x5570c19ad4f0_0, 0, 1;
    %jmp T_4.13;
T_4.12 ;
    %load/vec4 v0x5570c19ae760_0;
    %load/vec4 v0x5570c19ae380_0;
    %cmp/e;
    %jmp/0xz  T_4.14, 4;
    %pushi/vec4 0, 0, 1;
    %store/vec4 v0x5570c19ad890_0, 0, 1;
    %pushi/vec4 0, 0, 1;
    %store/vec4 v0x5570c19ad350_0, 0, 1;
    %pushi/vec4 1, 0, 1;
    %store/vec4 v0x5570c19aded0_0, 0, 1;
    %pushi/vec4 1, 0, 1;
    %store/vec4 v0x5570c19ad4f0_0, 0, 1;
T_4.14 ;
T_4.13 ;
    %load/vec4 v0x5570c19ae2c0_0;
    %load/vec4 v0x5570c19ae200_0;
    %nor/r;
    %and;
    %load/vec4 v0x5570c19adb70_0;
    %nor/r;
    %and;
    %flag_set/vec4 8;
    %jmp/0xz  T_4.16, 8;
    %load/vec4 v0x5570c19adf70_0;
    %nor/r;
    %flag_set/vec4 8;
    %jmp/0xz  T_4.18, 8;
    %load/vec4 v0x5570c19adde0_0;
    %addi 1, 0, 2;
    %store/vec4 v0x5570c19ae760_0, 0, 2;
    %load/vec4 v0x5570c19adc30_0;
    %store/vec4 v0x5570c19ae380_0, 0, 2;
    %jmp T_4.19;
T_4.18 ;
    %pushi/vec4 1, 0, 1;
    %store/vec4 v0x5570c19adab0_0, 0, 1;
T_4.19 ;
    %pushi/vec4 2, 0, 2;
    %store/vec4 v0x5570c19ae530_0, 0, 2;
    %pushi/vec4 1, 0, 1;
    %store/vec4 v0x5570c19ad9f0_0, 0, 1;
    %jmp T_4.17;
T_4.16 ;
    %load/vec4 v0x5570c19ae200_0;
    %load/vec4 v0x5570c19ae2c0_0;
    %nor/r;
    %and;
    %load/vec4 v0x5570c19adb70_0;
    %nor/r;
    %and;
    %flag_set/vec4 8;
    %jmp/0xz  T_4.20, 8;
    %load/vec4 v0x5570c19ad930_0;
    %nor/r;
    %flag_set/vec4 8;
    %jmp/0xz  T_4.22, 8;
    %load/vec4 v0x5570c19adc30_0;
    %addi 1, 0, 2;
    %store/vec4 v0x5570c19ae380_0, 0, 2;
    %load/vec4 v0x5570c19adde0_0;
    %store/vec4 v0x5570c19ae760_0, 0, 2;
    %jmp T_4.23;
T_4.22 ;
    %pushi/vec4 1, 0, 1;
    %store/vec4 v0x5570c19adab0_0, 0, 1;
T_4.23 ;
    %pushi/vec4 1, 0, 2;
    %store/vec4 v0x5570c19ae530_0, 0, 2;
    %pushi/vec4 1, 0, 1;
    %store/vec4 v0x5570c19ad9f0_0, 0, 1;
    %jmp T_4.21;
T_4.20 ;
    %load/vec4 v0x5570c19ae200_0;
    %load/vec4 v0x5570c19ae2c0_0;
    %and;
    %load/vec4 v0x5570c19adb70_0;
    %nor/r;
    %and;
    %flag_set/vec4 8;
    %jmp/0xz  T_4.24, 8;
    %load/vec4 v0x5570c19ad930_0;
    %nor/r;
    %load/vec4 v0x5570c19adf70_0;
    %nor/r;
    %and;
    %flag_set/vec4 8;
    %jmp/0xz  T_4.26, 8;
    %load/vec4 v0x5570c19adc30_0;
    %addi 1, 0, 2;
    %store/vec4 v0x5570c19ae380_0, 0, 2;
    %load/vec4 v0x5570c19adde0_0;
    %addi 1, 0, 2;
    %store/vec4 v0x5570c19ae760_0, 0, 2;
    %jmp T_4.27;
T_4.26 ;
    %pushi/vec4 1, 0, 1;
    %store/vec4 v0x5570c19adab0_0, 0, 1;
T_4.27 ;
    %pushi/vec4 3, 0, 2;
    %store/vec4 v0x5570c19ae530_0, 0, 2;
    %pushi/vec4 1, 0, 1;
    %store/vec4 v0x5570c19ad9f0_0, 0, 1;
    %jmp T_4.25;
T_4.24 ;
    %load/vec4 v0x5570c19adc30_0;
    %store/vec4 v0x5570c19ae380_0, 0, 2;
    %load/vec4 v0x5570c19adde0_0;
    %store/vec4 v0x5570c19ae760_0, 0, 2;
    %pushi/vec4 0, 0, 2;
    %store/vec4 v0x5570c19ae530_0, 0, 2;
    %pushi/vec4 1, 0, 1;
    %store/vec4 v0x5570c19ad9f0_0, 0, 1;
T_4.25 ;
T_4.21 ;
T_4.17 ;
    %jmp T_4.1;
T_4.0 ;
    %pushi/vec4 0, 0, 2;
    %store/vec4 v0x5570c19ae760_0, 0, 2;
    %pushi/vec4 0, 0, 2;
    %store/vec4 v0x5570c19ae380_0, 0, 2;
    %pushi/vec4 0, 0, 1;
    %store/vec4 v0x5570c19adab0_0, 0, 1;
    %pushi/vec4 0, 0, 2;
    %store/vec4 v0x5570c19ae530_0, 0, 2;
    %pushi/vec4 0, 0, 1;
    %store/vec4 v0x5570c19ad9f0_0, 0, 1;
    %pushi/vec4 0, 0, 1;
    %store/vec4 v0x5570c19ad4f0_0, 0, 1;
    %pushi/vec4 0, 0, 1;
    %store/vec4 v0x5570c19ad350_0, 0, 1;
    %pushi/vec4 0, 0, 1;
    %store/vec4 v0x5570c19ad890_0, 0, 1;
    %pushi/vec4 0, 0, 1;
    %store/vec4 v0x5570c19aded0_0, 0, 1;
T_4.1 ;
    %jmp T_4;
    .thread T_4, $push;
# The file index is used to find the file name in the following table.
:file_names 4;
    "N/A";
    "<interactive>";
    "fifo_cond.v";
    "./../RAM/Ram.v";
